{
  "stats": {
    "suites": 2,
    "tests": 8,
    "passes": 8,
    "pending": 0,
    "failures": 0,
    "start": "2022-02-14T01:32:03.665Z",
    "end": "2022-02-14T01:33:01.986Z",
    "duration": 58321,
    "testsRegistered": 8,
    "passPercent": 100,
    "pendingPercent": 0,
    "other": 0,
    "hasOther": false,
    "skipped": 0,
    "hasSkipped": false
  },
  "results": [
    {
      "uuid": "3374a42e-4463-4df4-b41f-9ff44c129550",
      "title": "",
      "fullFile": "cypress/integration/loginTests.spec.js",
      "file": "cypress/integration/loginTests.spec.js",
      "beforeHooks": [],
      "afterHooks": [],
      "tests": [],
      "suites": [
        {
          "uuid": "7cecf3c4-1592-4eca-a0f1-b0496769360c",
          "title": "Our Test scenarios scripts",
          "fullFile": "",
          "file": "",
          "beforeHooks": [],
          "afterHooks": [],
          "tests": [],
          "suites": [
            {
              "uuid": "c4fdc030-1e23-43f4-aae1-34095231f27d",
              "title": "Given I navigated to bynder",
              "fullFile": "",
              "file": "",
              "beforeHooks": [],
              "afterHooks": [],
              "tests": [
                {
                  "title": "When I login with valid username and password",
                  "fullTitle": "Our Test scenarios scripts Given I navigated to bynder When I login with valid username and password",
                  "timedOut": null,
                  "duration": 23131,
                  "state": "passed",
                  "speed": "slow",
                  "pass": true,
                  "fail": false,
                  "pending": false,
                  "context": null,
                  "code": "_loginPage.onLoginPage.signIn(userDetails.username, userDetails.password);",
                  "err": {},
                  "uuid": "11b71695-2d6f-46ab-be8b-2a0a839a8433",
                  "parentUUID": "c4fdc030-1e23-43f4-aae1-34095231f27d",
                  "isHook": false,
                  "skipped": false
                },
                {
                  "title": "Then I verify that redirected to the dashboard page",
                  "fullTitle": "Our Test scenarios scripts Given I navigated to bynder Then I verify that redirected to the dashboard page",
                  "timedOut": null,
                  "duration": 527,
                  "state": "passed",
                  "speed": "fast",
                  "pass": true,
                  "fail": false,
                  "pending": false,
                  "context": null,
                  "code": "cy.url().should('include', '/account/dashboard');",
                  "err": {},
                  "uuid": "31d25e16-28df-46cd-be07-03874b4e47ec",
                  "parentUUID": "c4fdc030-1e23-43f4-aae1-34095231f27d",
                  "isHook": false,
                  "skipped": false
                },
                {
                  "title": "When I click on the profile dropdown to log out",
                  "fullTitle": "Our Test scenarios scripts Given I navigated to bynder When I click on the profile dropdown to log out",
                  "timedOut": null,
                  "duration": 4152,
                  "state": "passed",
                  "speed": "fast",
                  "pass": true,
                  "fail": false,
                  "pending": false,
                  "context": null,
                  "code": "_adminBar.onNavBar.hoverOnProfileDropDown();\n_adminBar.onNavBar.logOut();",
                  "err": {},
                  "uuid": "7cf25c5b-6b7e-4ae4-9ba9-fb47d6c7ae68",
                  "parentUUID": "c4fdc030-1e23-43f4-aae1-34095231f27d",
                  "isHook": false,
                  "skipped": false
                },
                {
                  "title": "Then I verify that redirected to the login page",
                  "fullTitle": "Our Test scenarios scripts Given I navigated to bynder Then I verify that redirected to the login page",
                  "timedOut": null,
                  "duration": 105,
                  "state": "passed",
                  "speed": "fast",
                  "pass": true,
                  "fail": false,
                  "pending": false,
                  "context": null,
                  "code": "cy.url().should('include', '/login');",
                  "err": {},
                  "uuid": "af9e5157-b96e-458c-9f66-6090022fd610",
                  "parentUUID": "c4fdc030-1e23-43f4-aae1-34095231f27d",
                  "isHook": false,
                  "skipped": false
                },
                {
                  "title": "When I login with non-exsting username and password",
                  "fullTitle": "Our Test scenarios scripts Given I navigated to bynder When I login with non-exsting username and password",
                  "timedOut": null,
                  "duration": 4386,
                  "state": "passed",
                  "speed": "fast",
                  "pass": true,
                  "fail": false,
                  "pending": false,
                  "context": null,
                  "code": "let r = (Math.random() + 1).toString(36).substring(7);\ncy.reload();\n_loginPage.onLoginPage.signIn(r, r);",
                  "err": {},
                  "uuid": "310c0270-7d85-46e2-8b70-c0f91a4392c0",
                  "parentUUID": "c4fdc030-1e23-43f4-aae1-34095231f27d",
                  "isHook": false,
                  "skipped": false
                },
                {
                  "title": "Then I verify that error message has displayed",
                  "fullTitle": "Our Test scenarios scripts Given I navigated to bynder Then I verify that error message has displayed",
                  "timedOut": null,
                  "duration": 164,
                  "state": "passed",
                  "speed": "fast",
                  "pass": true,
                  "fail": false,
                  "pending": false,
                  "context": null,
                  "code": "//cy.get('.cbox_messagebox').should('have.text', 'You have entered an incorrect username or password.')\ncy.contains('.cbox_messagebox', 'You have entered an incorrect username or password.');",
                  "err": {},
                  "uuid": "0966e39a-22ba-4f6e-a526-4bee6be222d6",
                  "parentUUID": "c4fdc030-1e23-43f4-aae1-34095231f27d",
                  "isHook": false,
                  "skipped": false
                },
                {
                  "title": "And I verify that error message on the notification header",
                  "fullTitle": "Our Test scenarios scripts Given I navigated to bynder And I verify that error message on the notification header",
                  "timedOut": null,
                  "duration": 87,
                  "state": "passed",
                  "speed": "fast",
                  "pass": true,
                  "fail": false,
                  "pending": false,
                  "context": null,
                  "code": "cy.contains('div.notification h1', 'You have entered an incorrect username or password.');",
                  "err": {},
                  "uuid": "d00af405-b74f-4905-b31d-1027766e18c1",
                  "parentUUID": "c4fdc030-1e23-43f4-aae1-34095231f27d",
                  "isHook": false,
                  "skipped": false
                },
                {
                  "title": "And I verify that verify error message disappeared after few seconds",
                  "fullTitle": "Our Test scenarios scripts Given I navigated to bynder And I verify that verify error message disappeared after few seconds",
                  "timedOut": null,
                  "duration": 25090,
                  "state": "passed",
                  "speed": "slow",
                  "pass": true,
                  "fail": false,
                  "pending": false,
                  "context": null,
                  "code": "/* wait for 25 seconds to ensure that the notification has disappeared */\ncy.get(\"div.notification h1\").should('be.visible');\ncy.wait(25000);\ncy.get(\"div.notification h1\").should('not.be.visible');",
                  "err": {},
                  "uuid": "d10ccde8-d57d-4f41-976b-97928e957f56",
                  "parentUUID": "c4fdc030-1e23-43f4-aae1-34095231f27d",
                  "isHook": false,
                  "skipped": false
                }
              ],
              "suites": [],
              "passes": [
                "11b71695-2d6f-46ab-be8b-2a0a839a8433",
                "31d25e16-28df-46cd-be07-03874b4e47ec",
                "7cf25c5b-6b7e-4ae4-9ba9-fb47d6c7ae68",
                "af9e5157-b96e-458c-9f66-6090022fd610",
                "310c0270-7d85-46e2-8b70-c0f91a4392c0",
                "0966e39a-22ba-4f6e-a526-4bee6be222d6",
                "d00af405-b74f-4905-b31d-1027766e18c1",
                "d10ccde8-d57d-4f41-976b-97928e957f56"
              ],
              "failures": [],
              "pending": [],
              "skipped": [],
              "duration": 57642,
              "root": false,
              "rootEmpty": false,
              "_timeout": 2000
            }
          ],
          "passes": [],
          "failures": [],
          "pending": [],
          "skipped": [],
          "duration": 0,
          "root": false,
          "rootEmpty": false,
          "_timeout": 2000
        }
      ],
      "passes": [],
      "failures": [],
      "pending": [],
      "skipped": [],
      "duration": 0,
      "root": true,
      "rootEmpty": true,
      "_timeout": 2000
    }
  ],
  "meta": {
    "mocha": {
      "version": "7.0.1"
    },
    "mochawesome": {
      "options": {
        "quiet": false,
        "reportFilename": "mochawesome",
        "saveHtml": true,
        "saveJson": true,
        "consoleReporter": "spec",
        "useInlineDiffs": false,
        "code": true
      },
      "version": "7.0.1"
    },
    "marge": {
      "options": null,
      "version": "6.0.1"
    }
  }
}